<?xml version="1.0" encoding="UTF-8"?>
<settingsSecurity>
  <master>{CFxZA99+BAZVLyBgcmvfLZciAWn31QdSjVpSXodH13MAkHoTl8JPLGpt1rFTh07dnKoNiOUh92sash3p0PXbKi2NhY3sxvmVXnlCf+Vdz38uaZBQ7L0ebNt+YhpsyUE33iKqMwZt4oWr1acD3mpIufk2godfNP2nKGO2ufIFfIbqO4mGMWQ5VIQ=}</master>
</settingsSecurity>